# JRE version: OpenJDK Runtime Environment (21.0.2+13) (build 21.0.2+13-58)
# Java VM: OpenJDK 64-Bit Server VM (21.0.2+13-58, mixed mode, sharing, tiered, compressed oops, compressed class ptrs, g1 gc, windows-amd64)
GC Precious Log:
 CardTable entry size: 512
 Card Set container configuration: InlinePtr #cards 4 size 8 Array Of Cards #cards 16 size 48 Howl #buckets 8 coarsen threshold 3686 Howl Bitmap #cards 512 size 80 coarsen threshold 460 Card regions per heap region 1 cards per card region 4096
 CPUs: 12 total, 12 available
 Memory: 16108M
 Large Page Support: Disabled
 NUMA Support: Disabled
 Compressed Oops: Enabled (Zero based)
 Heap Region Size: 2M
 Heap Min Capacity: 8M
 Heap Initial Capacity: 252M
 Heap Max Capacity: 4028M
 Pre-touch: Disabled
 Parallel Workers: 10
 Concurrent Workers: 3
 Concurrent Refinement Workers: 10
 Periodic GC: Disabled
Heap:
 garbage-first heap   total 159744K, used 115756K [0x0000000704400000, 0x0000000800000000)
  region size 2048K, 45 young (92160K), 2 survivors (4096K)
 Metaspace       used 79369K, committed 80064K, reserved 1179648K
  class space    used 10757K, committed 11072K, reserved 1048576K
GC Heap History (20 events):
Event: 1.574 GC heap before
{Heap before GC invocations=1 (full 0):
 garbage-first heap   total 258048K, used 29978K [0x0000000704400000, 0x0000000800000000)
  region size 2048K, 14 young (28672K), 2 survivors (4096K)
 Metaspace       used 11925K, committed 12224K, reserved 1114112K
  class space    used 1527K, committed 1664K, reserved 1048576K
}
Event: 1.580 GC heap after
{Heap after GC invocations=2 (full 0):
 garbage-first heap   total 258048K, used 9620K [0x0000000704400000, 0x0000000800000000)
  region size 2048K, 1 young (2048K), 1 survivors (2048K)
 Metaspace       used 11925K, committed 12224K, reserved 1114112K
  class space    used 1527K, committed 1664K, reserved 1048576K
}
Event: 2.377 GC heap before
{Heap before GC invocations=2 (full 0):
 garbage-first heap   total 258048K, used 50580K [0x0000000704400000, 0x0000000800000000)
  region size 2048K, 23 young (47104K), 1 survivors (2048K)
 Metaspace       used 21263K, committed 21504K, reserved 1114112K
  class space    used 2692K, committed 2816K, reserved 1048576K
}
Event: 2.384 GC heap after
{Heap after GC invocations=3 (full 0):
 garbage-first heap   total 258048K, used 13786K [0x0000000704400000, 0x0000000800000000)
  region size 2048K, 3 young (6144K), 3 survivors (6144K)
 Metaspace       used 21263K, committed 21504K, reserved 1114112K
  class space    used 2692K, committed 2816K, reserved 1048576K
}
Event: 3.310 GC heap before
{Heap before GC invocations=4 (full 0):
 garbage-first heap   total 61440K, used 44506K [0x0000000704400000, 0x0000000800000000)
  region size 2048K, 18 young (36864K), 3 survivors (6144K)
 Metaspace       used 25572K, committed 25920K, reserved 1114112K
  class space    used 3288K, committed 3456K, reserved 1048576K
}
Event: 3.319 GC heap after
{Heap after GC invocations=5 (full 0):
 garbage-first heap   total 61440K, used 16822K [0x0000000704400000, 0x0000000800000000)
  region size 2048K, 2 young (4096K), 2 survivors (4096K)
 Metaspace       used 25572K, committed 25920K, reserved 1114112K
  class space    used 3288K, committed 3456K, reserved 1048576K
}
Event: 4.138 GC heap before
{Heap before GC invocations=5 (full 0):
 garbage-first heap   total 61440K, used 43446K [0x0000000704400000, 0x0000000800000000)
  region size 2048K, 15 young (30720K), 2 survivors (4096K)
 Metaspace       used 31573K, committed 32064K, reserved 1114112K
  class space    used 4074K, committed 4288K, reserved 1048576K
}
Event: 4.147 GC heap after
{Heap after GC invocations=6 (full 0):
 garbage-first heap   total 61440K, used 19565K [0x0000000704400000, 0x0000000800000000)
  region size 2048K, 2 young (4096K), 2 survivors (4096K)
 Metaspace       used 31573K, committed 32064K, reserved 1114112K
  class space    used 4074K, committed 4288K, reserved 1048576K
}
Event: 4.727 GC heap before
{Heap before GC invocations=6 (full 0):
 garbage-first heap   total 61440K, used 37997K [0x0000000704400000, 0x0000000800000000)
  region size 2048K, 12 young (24576K), 2 survivors (4096K)
 Metaspace       used 35621K, committed 36096K, reserved 1114112K
  class space    used 4526K, committed 4736K, reserved 1048576K
}
Event: 4.731 GC heap after
{Heap after GC invocations=7 (full 0):
 garbage-first heap   total 61440K, used 21241K [0x0000000704400000, 0x0000000800000000)
  region size 2048K, 1 young (2048K), 1 survivors (2048K)
 Metaspace       used 35621K, committed 36096K, reserved 1114112K
  class space    used 4526K, committed 4736K, reserved 1048576K
}
Event: 5.336 GC heap before
{Heap before GC invocations=8 (full 0):
 garbage-first heap   total 61440K, used 47865K [0x0000000704400000, 0x0000000800000000)
  region size 2048K, 14 young (28672K), 1 survivors (2048K)
 Metaspace       used 39436K, committed 40000K, reserved 1114112K
  class space    used 4978K, committed 5248K, reserved 1048576K
}
Event: 5.341 GC heap after
{Heap after GC invocations=9 (full 0):
 garbage-first heap   total 61440K, used 24506K [0x0000000704400000, 0x0000000800000000)
  region size 2048K, 2 young (4096K), 2 survivors (4096K)
 Metaspace       used 39436K, committed 40000K, reserved 1114112K
  class space    used 4978K, committed 5248K, reserved 1048576K
}
Event: 6.460 GC heap before
{Heap before GC invocations=9 (full 0):
 garbage-first heap   total 61440K, used 49082K [0x0000000704400000, 0x0000000800000000)
  region size 2048K, 14 young (28672K), 2 survivors (4096K)
 Metaspace       used 45339K, committed 45888K, reserved 1114112K
  class space    used 5720K, committed 5952K, reserved 1048576K
}
Event: 6.465 GC heap after
{Heap after GC invocations=10 (full 0):
 garbage-first heap   total 61440K, used 26165K [0x0000000704400000, 0x0000000800000000)
  region size 2048K, 1 young (2048K), 1 survivors (2048K)
 Metaspace       used 45339K, committed 45888K, reserved 1114112K
  class space    used 5720K, committed 5952K, reserved 1048576K
}
Event: 7.094 GC heap before
{Heap before GC invocations=10 (full 0):
 garbage-first heap   total 61440K, used 48693K [0x0000000704400000, 0x0000000800000000)
  region size 2048K, 13 young (26624K), 1 survivors (2048K)
 Metaspace       used 51915K, committed 52480K, reserved 1114112K
  class space    used 6803K, committed 7040K, reserved 1048576K
}
Event: 7.097 GC heap after
{Heap after GC invocations=11 (full 0):
 garbage-first heap   total 61440K, used 27074K [0x0000000704400000, 0x0000000800000000)
  region size 2048K, 2 young (4096K), 2 survivors (4096K)
 Metaspace       used 51915K, committed 52480K, reserved 1114112K
  class space    used 6803K, committed 7040K, reserved 1048576K
}
Event: 7.571 GC heap before
{Heap before GC invocations=11 (full 0):
 garbage-first heap   total 61440K, used 47554K [0x0000000704400000, 0x0000000800000000)
  region size 2048K, 14 young (28672K), 2 survivors (4096K)
 Metaspace       used 59625K, committed 60288K, reserved 1114112K
  class space    used 7859K, committed 8192K, reserved 1048576K
}
Event: 7.575 GC heap after
{Heap after GC invocations=12 (full 0):
 garbage-first heap   total 61440K, used 28409K [0x0000000704400000, 0x0000000800000000)
  region size 2048K, 2 young (4096K), 2 survivors (4096K)
 Metaspace       used 59625K, committed 60288K, reserved 1114112K
  class space    used 7859K, committed 8192K, reserved 1048576K
}
Event: 7.978 GC heap before
{Heap before GC invocations=13 (full 0):
 garbage-first heap   total 61440K, used 50937K [0x0000000704400000, 0x0000000800000000)
  region size 2048K, 13 young (26624K), 2 survivors (4096K)
 Metaspace       used 64573K, committed 65280K, reserved 1114112K
  class space    used 8685K, committed 9024K, reserved 1048576K
}
Event: 7.982 GC heap after
{Heap after GC invocations=14 (full 0):
 garbage-first heap   total 159744K, used 29740K [0x0000000704400000, 0x0000000800000000)
  region size 2048K, 2 young (4096K), 2 survivors (4096K)
 Metaspace       used 64573K, committed 65280K, reserved 1114112K
  class space    used 8685K, committed 9024K, reserved 1048576K
}

