# JRE version: OpenJDK Runtime Environment (21.0.2+13) (build 21.0.2+13-58)
# Java VM: OpenJDK 64-Bit Server VM (21.0.2+13-58, mixed mode, sharing, tiered, compressed oops, compressed class ptrs, g1 gc, windows-amd64)
GC Precious Log:
 CardTable entry size: 512
 Card Set container configuration: InlinePtr #cards 4 size 8 Array Of Cards #cards 16 size 48 Howl #buckets 8 coarsen threshold 3686 Howl Bitmap #cards 512 size 80 coarsen threshold 460 Card regions per heap region 1 cards per card region 4096
 CPUs: 12 total, 12 available
 Memory: 16108M
 Large Page Support: Disabled
 NUMA Support: Disabled
 Compressed Oops: Enabled (Zero based)
 Heap Region Size: 2M
 Heap Min Capacity: 8M
 Heap Initial Capacity: 252M
 Heap Max Capacity: 4028M
 Pre-touch: Disabled
 Parallel Workers: 10
 Concurrent Workers: 3
 Concurrent Refinement Workers: 10
 Periodic GC: Disabled
Heap:
 garbage-first heap   total 98304K, used 64817K [0x0000000704400000, 0x0000000800000000)
  region size 2048K, 20 young (40960K), 4 survivors (8192K)
 Metaspace       used 80398K, committed 81216K, reserved 1179648K
  class space    used 10732K, committed 11136K, reserved 1048576K
GC Heap History (20 events):
Event: 1.617 GC heap before
{Heap before GC invocations=1 (full 0):
 garbage-first heap   total 258048K, used 32056K [0x0000000704400000, 0x0000000800000000)
  region size 2048K, 14 young (28672K), 2 survivors (4096K)
 Metaspace       used 11918K, committed 12160K, reserved 1114112K
  class space    used 1554K, committed 1664K, reserved 1048576K
}
Event: 1.621 GC heap after
{Heap after GC invocations=2 (full 0):
 garbage-first heap   total 258048K, used 9592K [0x0000000704400000, 0x0000000800000000)
  region size 2048K, 1 young (2048K), 1 survivors (2048K)
 Metaspace       used 11918K, committed 12160K, reserved 1114112K
  class space    used 1554K, committed 1664K, reserved 1048576K
}
Event: 2.254 GC heap before
{Heap before GC invocations=2 (full 0):
 garbage-first heap   total 258048K, used 48504K [0x0000000704400000, 0x0000000800000000)
  region size 2048K, 22 young (45056K), 1 survivors (2048K)
 Metaspace       used 21158K, committed 21504K, reserved 1114112K
  class space    used 2673K, committed 2880K, reserved 1048576K
}
Event: 2.259 GC heap after
{Heap after GC invocations=3 (full 0):
 garbage-first heap   total 258048K, used 13857K [0x0000000704400000, 0x0000000800000000)
  region size 2048K, 4 young (8192K), 4 survivors (8192K)
 Metaspace       used 21158K, committed 21504K, reserved 1114112K
  class space    used 2673K, committed 2880K, reserved 1048576K
}
Event: 3.523 GC heap before
{Heap before GC invocations=4 (full 0):
 garbage-first heap   total 69632K, used 67105K [0x0000000704400000, 0x0000000800000000)
  region size 2048K, 30 young (61440K), 4 survivors (8192K)
 Metaspace       used 29348K, committed 29824K, reserved 1114112K
  class space    used 3831K, committed 4096K, reserved 1048576K
}
Event: 3.532 GC heap after
{Heap after GC invocations=5 (full 0):
 garbage-first heap   total 81920K, used 18545K [0x0000000704400000, 0x0000000800000000)
  region size 2048K, 6 young (12288K), 6 survivors (12288K)
 Metaspace       used 29348K, committed 29824K, reserved 1114112K
  class space    used 3831K, committed 4096K, reserved 1048576K
}
Event: 4.198 GC heap before
{Heap before GC invocations=5 (full 0):
 garbage-first heap   total 81920K, used 45169K [0x0000000704400000, 0x0000000800000000)
  region size 2048K, 20 young (40960K), 6 survivors (12288K)
 Metaspace       used 35439K, committed 35968K, reserved 1114112K
  class space    used 4516K, committed 4800K, reserved 1048576K
}
Event: 4.205 GC heap after
{Heap after GC invocations=6 (full 0):
 garbage-first heap   total 81920K, used 20917K [0x0000000704400000, 0x0000000800000000)
  region size 2048K, 2 young (4096K), 2 survivors (4096K)
 Metaspace       used 35439K, committed 35968K, reserved 1114112K
  class space    used 4516K, committed 4800K, reserved 1048576K
}
Event: 4.237 GC heap before
{Heap before GC invocations=6 (full 0):
 garbage-first heap   total 81920K, used 20917K [0x0000000704400000, 0x0000000800000000)
  region size 2048K, 3 young (6144K), 2 survivors (4096K)
 Metaspace       used 35772K, committed 36288K, reserved 1114112K
  class space    used 4562K, committed 4800K, reserved 1048576K
}
Event: 4.239 GC heap after
{Heap after GC invocations=7 (full 0):
 garbage-first heap   total 81920K, used 20678K [0x0000000704400000, 0x0000000800000000)
  region size 2048K, 2 young (4096K), 2 survivors (4096K)
 Metaspace       used 35772K, committed 36288K, reserved 1114112K
  class space    used 4562K, committed 4800K, reserved 1048576K
}
Event: 5.248 GC heap before
{Heap before GC invocations=8 (full 0):
 garbage-first heap   total 81920K, used 59590K [0x0000000704400000, 0x0000000800000000)
  region size 2048K, 21 young (43008K), 2 survivors (4096K)
 Metaspace       used 44027K, committed 44608K, reserved 1114112K
  class space    used 5599K, committed 5888K, reserved 1048576K
}
Event: 5.252 GC heap after
{Heap after GC invocations=9 (full 0):
 garbage-first heap   total 81920K, used 24564K [0x0000000704400000, 0x0000000800000000)
  region size 2048K, 3 young (6144K), 3 survivors (6144K)
 Metaspace       used 44027K, committed 44608K, reserved 1114112K
  class space    used 5599K, committed 5888K, reserved 1048576K
}
Event: 6.035 GC heap before
{Heap before GC invocations=9 (full 0):
 garbage-first heap   total 81920K, used 61428K [0x0000000704400000, 0x0000000800000000)
  region size 2048K, 22 young (45056K), 3 survivors (6144K)
 Metaspace       used 53928K, committed 54528K, reserved 1114112K
  class space    used 7054K, committed 7296K, reserved 1048576K
}
Event: 6.043 GC heap after
{Heap after GC invocations=10 (full 0):
 garbage-first heap   total 81920K, used 26522K [0x0000000704400000, 0x0000000800000000)
  region size 2048K, 2 young (4096K), 2 survivors (4096K)
 Metaspace       used 53928K, committed 54528K, reserved 1114112K
  class space    used 7054K, committed 7296K, reserved 1048576K
}
Event: 6.427 GC heap before
{Heap before GC invocations=10 (full 0):
 garbage-first heap   total 81920K, used 47002K [0x0000000704400000, 0x0000000800000000)
  region size 2048K, 13 young (26624K), 2 survivors (4096K)
 Metaspace       used 60181K, committed 60736K, reserved 1114112K
  class space    used 8092K, committed 8320K, reserved 1048576K
}
Event: 6.430 GC heap after
{Heap after GC invocations=11 (full 0):
 garbage-first heap   total 81920K, used 27384K [0x0000000704400000, 0x0000000800000000)
  region size 2048K, 2 young (4096K), 2 survivors (4096K)
 Metaspace       used 60181K, committed 60736K, reserved 1114112K
  class space    used 8092K, committed 8320K, reserved 1048576K
}
Event: 7.307 GC heap before
{Heap before GC invocations=12 (full 0):
 garbage-first heap   total 81920K, used 66296K [0x0000000704400000, 0x0000000800000000)
  region size 2048K, 21 young (43008K), 2 survivors (4096K)
 Metaspace       used 66746K, committed 67456K, reserved 1114112K
  class space    used 9025K, committed 9344K, reserved 1048576K
}
Event: 7.311 GC heap after
{Heap after GC invocations=13 (full 0):
 garbage-first heap   total 98304K, used 30437K [0x0000000704400000, 0x0000000800000000)
  region size 2048K, 3 young (6144K), 3 survivors (6144K)
 Metaspace       used 66746K, committed 67456K, reserved 1114112K
  class space    used 9025K, committed 9344K, reserved 1048576K
}
Event: 93.899 GC heap before
{Heap before GC invocations=13 (full 0):
 garbage-first heap   total 98304K, used 79589K [0x0000000704400000, 0x0000000800000000)
  region size 2048K, 28 young (57344K), 3 survivors (6144K)
 Metaspace       used 76695K, committed 77376K, reserved 1179648K
  class space    used 10414K, committed 10688K, reserved 1048576K
}
Event: 93.912 GC heap after
{Heap after GC invocations=14 (full 0):
 garbage-first heap   total 98304K, used 34097K [0x0000000704400000, 0x0000000800000000)
  region size 2048K, 4 young (8192K), 4 survivors (8192K)
 Metaspace       used 76695K, committed 77376K, reserved 1179648K
  class space    used 10414K, committed 10688K, reserved 1048576K
}

