# JRE version: OpenJDK Runtime Environment (21.0.2+13) (build 21.0.2+13-58)
# Java VM: OpenJDK 64-Bit Server VM (21.0.2+13-58, mixed mode, sharing, tiered, compressed oops, compressed class ptrs, g1 gc, windows-amd64)
GC Precious Log:
 CardTable entry size: 512
 Card Set container configuration: InlinePtr #cards 4 size 8 Array Of Cards #cards 16 size 48 Howl #buckets 8 coarsen threshold 3686 Howl Bitmap #cards 512 size 80 coarsen threshold 460 Card regions per heap region 1 cards per card region 4096
 CPUs: 12 total, 12 available
 Memory: 16108M
 Large Page Support: Disabled
 NUMA Support: Disabled
 Compressed Oops: Enabled (Zero based)
 Heap Region Size: 2M
 Heap Min Capacity: 8M
 Heap Initial Capacity: 252M
 Heap Max Capacity: 4028M
 Pre-touch: Disabled
 Parallel Workers: 10
 Concurrent Workers: 3
 Concurrent Refinement Workers: 10
 Periodic GC: Disabled
Heap:
 garbage-first heap   total 90112K, used 61598K [0x0000000704400000, 0x0000000800000000)
  region size 2048K, 18 young (36864K), 3 survivors (6144K)
 Metaspace       used 80564K, committed 81408K, reserved 1179648K
  class space    used 10814K, committed 11200K, reserved 1048576K
GC Heap History (20 events):
Event: 1.332 GC heap before
{Heap before GC invocations=1 (full 0):
 garbage-first heap   total 258048K, used 32153K [0x0000000704400000, 0x0000000800000000)
  region size 2048K, 14 young (28672K), 2 survivors (4096K)
 Metaspace       used 11948K, committed 12224K, reserved 1114112K
  class space    used 1539K, committed 1664K, reserved 1048576K
}
Event: 1.338 GC heap after
{Heap after GC invocations=2 (full 0):
 garbage-first heap   total 258048K, used 9863K [0x0000000704400000, 0x0000000800000000)
  region size 2048K, 2 young (4096K), 2 survivors (4096K)
 Metaspace       used 11948K, committed 12224K, reserved 1114112K
  class space    used 1539K, committed 1664K, reserved 1048576K
}
Event: 1.979 GC heap before
{Heap before GC invocations=2 (full 0):
 garbage-first heap   total 258048K, used 52871K [0x0000000704400000, 0x0000000800000000)
  region size 2048K, 24 young (49152K), 2 survivors (4096K)
 Metaspace       used 21218K, committed 21504K, reserved 1114112K
  class space    used 2679K, committed 2816K, reserved 1048576K
}
Event: 1.987 GC heap after
{Heap after GC invocations=3 (full 0):
 garbage-first heap   total 258048K, used 13869K [0x0000000704400000, 0x0000000800000000)
  region size 2048K, 4 young (8192K), 4 survivors (8192K)
 Metaspace       used 21218K, committed 21504K, reserved 1114112K
  class space    used 2679K, committed 2816K, reserved 1048576K
}
Event: 3.266 GC heap before
{Heap before GC invocations=4 (full 0):
 garbage-first heap   total 61440K, used 58925K [0x0000000704400000, 0x0000000800000000)
  region size 2048K, 26 young (53248K), 4 survivors (8192K)
 Metaspace       used 28359K, committed 28864K, reserved 1114112K
  class space    used 3652K, committed 3904K, reserved 1048576K
}
Event: 3.276 GC heap after
{Heap after GC invocations=5 (full 0):
 garbage-first heap   total 73728K, used 18325K [0x0000000704400000, 0x0000000800000000)
  region size 2048K, 6 young (12288K), 6 survivors (12288K)
 Metaspace       used 28359K, committed 28864K, reserved 1114112K
  class space    used 3652K, committed 3904K, reserved 1048576K
}
Event: 4.124 GC heap before
{Heap before GC invocations=5 (full 0):
 garbage-first heap   total 73728K, used 49045K [0x0000000704400000, 0x0000000800000000)
  region size 2048K, 21 young (43008K), 6 survivors (12288K)
 Metaspace       used 34170K, committed 34688K, reserved 1114112K
  class space    used 4372K, committed 4608K, reserved 1048576K
}
Event: 4.133 GC heap after
{Heap after GC invocations=6 (full 0):
 garbage-first heap   total 73728K, used 21868K [0x0000000704400000, 0x0000000800000000)
  region size 2048K, 2 young (4096K), 2 survivors (4096K)
 Metaspace       used 34170K, committed 34688K, reserved 1114112K
  class space    used 4372K, committed 4608K, reserved 1048576K
}
Event: 4.224 GC heap before
{Heap before GC invocations=6 (full 0):
 garbage-first heap   total 73728K, used 23916K [0x0000000704400000, 0x0000000800000000)
  region size 2048K, 4 young (8192K), 2 survivors (4096K)
 Metaspace       used 35495K, committed 35968K, reserved 1114112K
  class space    used 4516K, committed 4736K, reserved 1048576K
}
Event: 4.229 GC heap after
{Heap after GC invocations=7 (full 0):
 garbage-first heap   total 73728K, used 21373K [0x0000000704400000, 0x0000000800000000)
  region size 2048K, 2 young (4096K), 2 survivors (4096K)
 Metaspace       used 35495K, committed 35968K, reserved 1114112K
  class space    used 4516K, committed 4736K, reserved 1048576K
}
Event: 5.303 GC heap before
{Heap before GC invocations=8 (full 0):
 garbage-first heap   total 73728K, used 58237K [0x0000000704400000, 0x0000000800000000)
  region size 2048K, 20 young (40960K), 2 survivors (4096K)
 Metaspace       used 42599K, committed 43136K, reserved 1114112K
  class space    used 5388K, committed 5632K, reserved 1048576K
}
Event: 5.310 GC heap after
{Heap after GC invocations=9 (full 0):
 garbage-first heap   total 90112K, used 25117K [0x0000000704400000, 0x0000000800000000)
  region size 2048K, 3 young (6144K), 3 survivors (6144K)
 Metaspace       used 42599K, committed 43136K, reserved 1114112K
  class space    used 5388K, committed 5632K, reserved 1048576K
}
Event: 6.381 GC heap before
{Heap before GC invocations=9 (full 0):
 garbage-first heap   total 90112K, used 70173K [0x0000000704400000, 0x0000000800000000)
  region size 2048K, 26 young (53248K), 3 survivors (6144K)
 Metaspace       used 54478K, committed 55040K, reserved 1114112K
  class space    used 7123K, committed 7360K, reserved 1048576K
}
Event: 6.392 GC heap after
{Heap after GC invocations=10 (full 0):
 garbage-first heap   total 90112K, used 27544K [0x0000000704400000, 0x0000000800000000)
  region size 2048K, 4 young (8192K), 4 survivors (8192K)
 Metaspace       used 54478K, committed 55040K, reserved 1114112K
  class space    used 7123K, committed 7360K, reserved 1048576K
}
Event: 6.693 GC heap before
{Heap before GC invocations=10 (full 0):
 garbage-first heap   total 90112K, used 39832K [0x0000000704400000, 0x0000000800000000)
  region size 2048K, 12 young (24576K), 4 survivors (8192K)
 Metaspace       used 59636K, committed 60160K, reserved 1114112K
  class space    used 7945K, committed 8192K, reserved 1048576K
}
Event: 6.701 GC heap after
{Heap after GC invocations=11 (full 0):
 garbage-first heap   total 90112K, used 28421K [0x0000000704400000, 0x0000000800000000)
  region size 2048K, 2 young (4096K), 2 survivors (4096K)
 Metaspace       used 59636K, committed 60160K, reserved 1114112K
  class space    used 7945K, committed 8192K, reserved 1048576K
}
Event: 7.893 GC heap before
{Heap before GC invocations=12 (full 0):
 garbage-first heap   total 90112K, used 75525K [0x0000000704400000, 0x0000000800000000)
  region size 2048K, 25 young (51200K), 2 survivors (4096K)
 Metaspace       used 67741K, committed 68480K, reserved 1114112K
  class space    used 9132K, committed 9472K, reserved 1048576K
}
Event: 7.901 GC heap after
{Heap after GC invocations=13 (full 0):
 garbage-first heap   total 90112K, used 31236K [0x0000000704400000, 0x0000000800000000)
  region size 2048K, 4 young (8192K), 4 survivors (8192K)
 Metaspace       used 67741K, committed 68480K, reserved 1114112K
  class space    used 9132K, committed 9472K, reserved 1048576K
}
Event: 14.615 GC heap before
{Heap before GC invocations=13 (full 0):
 garbage-first heap   total 90112K, used 72196K [0x0000000704400000, 0x0000000800000000)
  region size 2048K, 24 young (49152K), 4 survivors (8192K)
 Metaspace       used 74414K, committed 75072K, reserved 1114112K
  class space    used 10057K, committed 10368K, reserved 1048576K
}
Event: 14.628 GC heap after
{Heap after GC invocations=14 (full 0):
 garbage-first heap   total 90112K, used 34974K [0x0000000704400000, 0x0000000800000000)
  region size 2048K, 3 young (6144K), 3 survivors (6144K)
 Metaspace       used 74414K, committed 75072K, reserved 1114112K
  class space    used 10057K, committed 10368K, reserved 1048576K
}

