# JRE version: OpenJDK Runtime Environment (21.0.2+13) (build 21.0.2+13-58)
# Java VM: OpenJDK 64-Bit Server VM (21.0.2+13-58, mixed mode, sharing, tiered, compressed oops, compressed class ptrs, g1 gc, windows-amd64)
GC Precious Log:
 CardTable entry size: 512
 Card Set container configuration: InlinePtr #cards 4 size 8 Array Of Cards #cards 16 size 48 Howl #buckets 8 coarsen threshold 3686 Howl Bitmap #cards 512 size 80 coarsen threshold 460 Card regions per heap region 1 cards per card region 4096
 CPUs: 12 total, 12 available
 Memory: 16108M
 Large Page Support: Disabled
 NUMA Support: Disabled
 Compressed Oops: Enabled (Zero based)
 Heap Region Size: 2M
 Heap Min Capacity: 8M
 Heap Initial Capacity: 252M
 Heap Max Capacity: 4028M
 Pre-touch: Disabled
 Parallel Workers: 10
 Concurrent Workers: 3
 Concurrent Refinement Workers: 10
 Periodic GC: Disabled
Heap:
 garbage-first heap   total 81920K, used 55034K [0x0000000704400000, 0x0000000800000000)
  region size 2048K, 13 young (26624K), 3 survivors (6144K)
 Metaspace       used 84346K, committed 85120K, reserved 1179648K
  class space    used 11640K, committed 11968K, reserved 1048576K
GC Heap History (20 events):
Event: 5.619 GC heap before
{Heap before GC invocations=4 (full 0):
 garbage-first heap   total 69632K, used 65872K [0x0000000704400000, 0x0000000800000000)
  region size 2048K, 29 young (59392K), 4 survivors (8192K)
 Metaspace       used 29228K, committed 29696K, reserved 1114112K
  class space    used 3752K, committed 3968K, reserved 1048576K
}
Event: 5.631 GC heap after
{Heap after GC invocations=5 (full 0):
 garbage-first heap   total 81920K, used 19479K [0x0000000704400000, 0x0000000800000000)
  region size 2048K, 6 young (12288K), 6 survivors (12288K)
 Metaspace       used 29228K, committed 29696K, reserved 1114112K
  class space    used 3752K, committed 3968K, reserved 1048576K
}
Event: 6.676 GC heap before
{Heap before GC invocations=5 (full 0):
 garbage-first heap   total 81920K, used 48151K [0x0000000704400000, 0x0000000800000000)
  region size 2048K, 21 young (43008K), 6 survivors (12288K)
 Metaspace       used 35537K, committed 36096K, reserved 1114112K
  class space    used 4518K, committed 4800K, reserved 1048576K
}
Event: 6.685 GC heap after
{Heap after GC invocations=6 (full 0):
 garbage-first heap   total 81920K, used 22137K [0x0000000704400000, 0x0000000800000000)
  region size 2048K, 2 young (4096K), 2 survivors (4096K)
 Metaspace       used 35537K, committed 36096K, reserved 1114112K
  class space    used 4518K, committed 4800K, reserved 1048576K
}
Event: 6.721 GC heap before
{Heap before GC invocations=6 (full 0):
 garbage-first heap   total 81920K, used 22137K [0x0000000704400000, 0x0000000800000000)
  region size 2048K, 3 young (6144K), 2 survivors (4096K)
 Metaspace       used 35882K, committed 36416K, reserved 1114112K
  class space    used 4557K, committed 4800K, reserved 1048576K
}
Event: 6.724 GC heap after
{Heap after GC invocations=7 (full 0):
 garbage-first heap   total 81920K, used 21863K [0x0000000704400000, 0x0000000800000000)
  region size 2048K, 2 young (4096K), 2 survivors (4096K)
 Metaspace       used 35882K, committed 36416K, reserved 1114112K
  class space    used 4557K, committed 4800K, reserved 1048576K
}
Event: 8.428 GC heap before
{Heap before GC invocations=8 (full 0):
 garbage-first heap   total 81920K, used 64871K [0x0000000704400000, 0x0000000800000000)
  region size 2048K, 23 young (47104K), 2 survivors (4096K)
 Metaspace       used 44782K, committed 45376K, reserved 1114112K
  class space    used 5663K, committed 5952K, reserved 1048576K
}
Event: 8.434 GC heap after
{Heap after GC invocations=9 (full 0):
 garbage-first heap   total 81920K, used 26146K [0x0000000704400000, 0x0000000800000000)
  region size 2048K, 3 young (6144K), 3 survivors (6144K)
 Metaspace       used 44782K, committed 45376K, reserved 1114112K
  class space    used 5663K, committed 5952K, reserved 1048576K
}
Event: 9.637 GC heap before
{Heap before GC invocations=9 (full 0):
 garbage-first heap   total 81920K, used 67106K [0x0000000704400000, 0x0000000800000000)
  region size 2048K, 23 young (47104K), 3 survivors (6144K)
 Metaspace       used 55110K, committed 55680K, reserved 1114112K
  class space    used 7175K, committed 7424K, reserved 1048576K
}
Event: 9.644 GC heap after
{Heap after GC invocations=10 (full 0):
 garbage-first heap   total 81920K, used 28482K [0x0000000704400000, 0x0000000800000000)
  region size 2048K, 2 young (4096K), 2 survivors (4096K)
 Metaspace       used 55110K, committed 55680K, reserved 1114112K
  class space    used 7175K, committed 7424K, reserved 1048576K
}
Event: 10.055 GC heap before
{Heap before GC invocations=10 (full 0):
 garbage-first heap   total 81920K, used 42818K [0x0000000704400000, 0x0000000800000000)
  region size 2048K, 10 young (20480K), 2 survivors (4096K)
 Metaspace       used 60232K, committed 60800K, reserved 1114112K
  class space    used 8031K, committed 8256K, reserved 1048576K
}
Event: 10.059 GC heap after
{Heap after GC invocations=11 (full 0):
 garbage-first heap   total 81920K, used 28916K [0x0000000704400000, 0x0000000800000000)
  region size 2048K, 2 young (4096K), 2 survivors (4096K)
 Metaspace       used 60232K, committed 60800K, reserved 1114112K
  class space    used 8031K, committed 8256K, reserved 1048576K
}
Event: 11.321 GC heap before
{Heap before GC invocations=12 (full 0):
 garbage-first heap   total 81920K, used 69876K [0x0000000704400000, 0x0000000800000000)
  region size 2048K, 22 young (45056K), 2 survivors (4096K)
 Metaspace       used 68027K, committed 68672K, reserved 1114112K
  class space    used 9293K, committed 9600K, reserved 1048576K
}
Event: 11.326 GC heap after
{Heap after GC invocations=13 (full 0):
 garbage-first heap   total 81920K, used 31183K [0x0000000704400000, 0x0000000800000000)
  region size 2048K, 3 young (6144K), 3 survivors (6144K)
 Metaspace       used 68027K, committed 68672K, reserved 1114112K
  class space    used 9293K, committed 9600K, reserved 1048576K
}
Event: 11.950 GC heap before
{Heap before GC invocations=13 (full 0):
 garbage-first heap   total 81920K, used 68047K [0x0000000704400000, 0x0000000800000000)
  region size 2048K, 22 young (45056K), 3 survivors (6144K)
 Metaspace       used 70524K, committed 71168K, reserved 1114112K
  class space    used 9758K, committed 10048K, reserved 1048576K
}
Event: 11.957 GC heap after
{Heap after GC invocations=14 (full 0):
 garbage-first heap   total 81920K, used 32611K [0x0000000704400000, 0x0000000800000000)
  region size 2048K, 3 young (6144K), 3 survivors (6144K)
 Metaspace       used 70524K, committed 71168K, reserved 1114112K
  class space    used 9758K, committed 10048K, reserved 1048576K
}
Event: 12.715 GC heap before
{Heap before GC invocations=14 (full 0):
 garbage-first heap   total 81920K, used 69475K [0x0000000704400000, 0x0000000800000000)
  region size 2048K, 21 young (43008K), 3 survivors (6144K)
 Metaspace       used 74294K, committed 74944K, reserved 1114112K
  class space    used 10247K, committed 10560K, reserved 1048576K
}
Event: 12.721 GC heap after
{Heap after GC invocations=15 (full 0):
 garbage-first heap   total 81920K, used 35030K [0x0000000704400000, 0x0000000800000000)
  region size 2048K, 3 young (6144K), 3 survivors (6144K)
 Metaspace       used 74294K, committed 74944K, reserved 1114112K
  class space    used 10247K, committed 10560K, reserved 1048576K
}
Event: 38.174 GC heap before
{Heap before GC invocations=15 (full 0):
 garbage-first heap   total 81920K, used 69846K [0x0000000704400000, 0x0000000800000000)
  region size 2048K, 20 young (40960K), 3 survivors (6144K)
 Metaspace       used 79338K, committed 80064K, reserved 1179648K
  class space    used 10963K, committed 11264K, reserved 1048576K
}
Event: 38.207 GC heap after
{Heap after GC invocations=16 (full 0):
 garbage-first heap   total 81920K, used 38650K [0x0000000704400000, 0x0000000800000000)
  region size 2048K, 3 young (6144K), 3 survivors (6144K)
 Metaspace       used 79338K, committed 80064K, reserved 1179648K
  class space    used 10963K, committed 11264K, reserved 1048576K
}

