# JRE version: OpenJDK Runtime Environment (21.0.2+13) (build 21.0.2+13-58)
# Java VM: OpenJDK 64-Bit Server VM (21.0.2+13-58, mixed mode, sharing, tiered, compressed oops, compressed class ptrs, g1 gc, windows-amd64)
GC Precious Log:
 CardTable entry size: 512
 Card Set container configuration: InlinePtr #cards 4 size 8 Array Of Cards #cards 16 size 48 Howl #buckets 8 coarsen threshold 3686 Howl Bitmap #cards 512 size 80 coarsen threshold 460 Card regions per heap region 1 cards per card region 4096
 CPUs: 12 total, 12 available
 Memory: 16108M
 Large Page Support: Disabled
 NUMA Support: Disabled
 Compressed Oops: Enabled (Zero based)
 Heap Region Size: 2M
 Heap Min Capacity: 8M
 Heap Initial Capacity: 252M
 Heap Max Capacity: 4028M
 Pre-touch: Disabled
 Parallel Workers: 10
 Concurrent Workers: 3
 Concurrent Refinement Workers: 10
 Periodic GC: Disabled
Heap:
 garbage-first heap   total 71680K, used 40279K [0x0000000704400000, 0x0000000800000000)
  region size 2048K, 3 young (6144K), 2 survivors (4096K)
 Metaspace       used 86418K, committed 87168K, reserved 1179648K
  class space    used 11522K, committed 11904K, reserved 1048576K
GC Heap History (20 events):
Event: 13.205 GC heap before
{Heap before GC invocations=11 (full 0):
 garbage-first heap   total 69632K, used 30645K [0x0000000704400000, 0x0000000800000000)
  region size 2048K, 4 young (8192K), 2 survivors (4096K)
 Metaspace       used 59578K, committed 60160K, reserved 1114112K
  class space    used 7996K, committed 8256K, reserved 1048576K
}
Event: 13.209 GC heap after
{Heap after GC invocations=12 (full 0):
 garbage-first heap   total 69632K, used 28725K [0x0000000704400000, 0x0000000800000000)
  region size 2048K, 1 young (2048K), 1 survivors (2048K)
 Metaspace       used 59578K, committed 60160K, reserved 1114112K
  class space    used 7996K, committed 8256K, reserved 1048576K
}
Event: 14.113 GC heap before
{Heap before GC invocations=13 (full 0):
 garbage-first heap   total 69632K, used 59445K [0x0000000704400000, 0x0000000800000000)
  region size 2048K, 16 young (32768K), 1 survivors (2048K)
 Metaspace       used 65020K, committed 65664K, reserved 1114112K
  class space    used 8760K, committed 9024K, reserved 1048576K
}
Event: 14.118 GC heap after
{Heap after GC invocations=14 (full 0):
 garbage-first heap   total 69632K, used 30697K [0x0000000704400000, 0x0000000800000000)
  region size 2048K, 2 young (4096K), 2 survivors (4096K)
 Metaspace       used 65020K, committed 65664K, reserved 1114112K
  class space    used 8760K, committed 9024K, reserved 1048576K
}
Event: 14.597 GC heap before
{Heap before GC invocations=14 (full 0):
 garbage-first heap   total 69632K, used 57321K [0x0000000704400000, 0x0000000800000000)
  region size 2048K, 15 young (30720K), 2 survivors (4096K)
 Metaspace       used 67653K, committed 68352K, reserved 1114112K
  class space    used 9266K, committed 9600K, reserved 1048576K
}
Event: 14.602 GC heap after
{Heap after GC invocations=15 (full 0):
 garbage-first heap   total 69632K, used 32045K [0x0000000704400000, 0x0000000800000000)
  region size 2048K, 2 young (4096K), 2 survivors (4096K)
 Metaspace       used 67653K, committed 68352K, reserved 1114112K
  class space    used 9266K, committed 9600K, reserved 1048576K
}
Event: 14.888 GC heap before
{Heap before GC invocations=15 (full 0):
 garbage-first heap   total 69632K, used 58669K [0x0000000704400000, 0x0000000800000000)
  region size 2048K, 15 young (30720K), 2 survivors (4096K)
 Metaspace       used 69458K, committed 70144K, reserved 1114112K
  class space    used 9643K, committed 9984K, reserved 1048576K
}
Event: 14.893 GC heap after
{Heap after GC invocations=16 (full 0):
 garbage-first heap   total 69632K, used 33401K [0x0000000704400000, 0x0000000800000000)
  region size 2048K, 2 young (4096K), 2 survivors (4096K)
 Metaspace       used 69458K, committed 70144K, reserved 1114112K
  class space    used 9643K, committed 9984K, reserved 1048576K
}
Event: 15.457 GC heap before
{Heap before GC invocations=16 (full 0):
 garbage-first heap   total 69632K, used 57977K [0x0000000704400000, 0x0000000800000000)
  region size 2048K, 14 young (28672K), 2 survivors (4096K)
 Metaspace       used 72718K, committed 73408K, reserved 1114112K
  class space    used 10064K, committed 10368K, reserved 1048576K
}
Event: 15.462 GC heap after
{Heap after GC invocations=17 (full 0):
 garbage-first heap   total 69632K, used 34964K [0x0000000704400000, 0x0000000800000000)
  region size 2048K, 2 young (4096K), 2 survivors (4096K)
 Metaspace       used 72718K, committed 73408K, reserved 1114112K
  class space    used 10064K, committed 10368K, reserved 1048576K
}
Event: 16.302 GC heap before
{Heap before GC invocations=18 (full 0):
 garbage-first heap   total 69632K, used 57492K [0x0000000704400000, 0x0000000800000000)
  region size 2048K, 13 young (26624K), 2 survivors (4096K)
 Metaspace       used 75698K, committed 76352K, reserved 1179648K
  class space    used 10528K, committed 10816K, reserved 1048576K
}
Event: 16.309 GC heap after
{Heap after GC invocations=19 (full 0):
 garbage-first heap   total 69632K, used 37555K [0x0000000704400000, 0x0000000800000000)
  region size 2048K, 2 young (4096K), 2 survivors (4096K)
 Metaspace       used 75698K, committed 76352K, reserved 1179648K
  class space    used 10528K, committed 10816K, reserved 1048576K
}
Event: 18.957 GC heap before
{Heap before GC invocations=19 (full 0):
 garbage-first heap   total 69632K, used 58035K [0x0000000704400000, 0x0000000800000000)
  region size 2048K, 12 young (24576K), 2 survivors (4096K)
 Metaspace       used 80446K, committed 81216K, reserved 1179648K
  class space    used 11160K, committed 11520K, reserved 1048576K
}
Event: 18.965 GC heap after
{Heap after GC invocations=20 (full 0):
 garbage-first heap   total 69632K, used 38744K [0x0000000704400000, 0x0000000800000000)
  region size 2048K, 2 young (4096K), 2 survivors (4096K)
 Metaspace       used 80446K, committed 81216K, reserved 1179648K
  class space    used 11160K, committed 11520K, reserved 1048576K
}
Event: 462.243 GC heap before
{Heap before GC invocations=20 (full 0):
 garbage-first heap   total 69632K, used 55128K [0x0000000704400000, 0x0000000800000000)
  region size 2048K, 11 young (22528K), 2 survivors (4096K)
 Metaspace       used 84133K, committed 84864K, reserved 1179648K
  class space    used 11503K, committed 11840K, reserved 1048576K
}
Event: 462.265 GC heap after
{Heap after GC invocations=21 (full 0):
 garbage-first heap   total 69632K, used 39872K [0x0000000704400000, 0x0000000800000000)
  region size 2048K, 2 young (4096K), 2 survivors (4096K)
 Metaspace       used 84133K, committed 84864K, reserved 1179648K
  class space    used 11503K, committed 11840K, reserved 1048576K
}
Event: 1092.670 GC heap before
{Heap before GC invocations=22 (full 0):
 garbage-first heap   total 71680K, used 58304K [0x0000000704400000, 0x0000000800000000)
  region size 2048K, 11 young (22528K), 2 survivors (4096K)
 Metaspace       used 84968K, committed 85760K, reserved 1179648K
  class space    used 11509K, committed 11904K, reserved 1048576K
}
Event: 1092.780 GC heap after
{Heap after GC invocations=23 (full 0):
 garbage-first heap   total 71680K, used 39999K [0x0000000704400000, 0x0000000800000000)
  region size 2048K, 1 young (2048K), 1 survivors (2048K)
 Metaspace       used 84968K, committed 85760K, reserved 1179648K
  class space    used 11509K, committed 11904K, reserved 1048576K
}
Event: 2108.268 GC heap before
{Heap before GC invocations=23 (full 0):
 garbage-first heap   total 71680K, used 60479K [0x0000000704400000, 0x0000000800000000)
  region size 2048K, 12 young (24576K), 1 survivors (2048K)
 Metaspace       used 86299K, committed 87104K, reserved 1179648K
  class space    used 11521K, committed 11904K, reserved 1048576K
}
Event: 2108.338 GC heap after
{Heap after GC invocations=24 (full 0):
 garbage-first heap   total 71680K, used 40279K [0x0000000704400000, 0x0000000800000000)
  region size 2048K, 2 young (4096K), 2 survivors (4096K)
 Metaspace       used 86299K, committed 87104K, reserved 1179648K
  class space    used 11521K, committed 11904K, reserved 1048576K
}

