# JRE version: OpenJDK Runtime Environment (21.0.2+13) (build 21.0.2+13-58)
# Java VM: OpenJDK 64-Bit Server VM (21.0.2+13-58, mixed mode, sharing, tiered, compressed oops, compressed class ptrs, g1 gc, windows-amd64)
GC Precious Log:
 CardTable entry size: 512
 Card Set container configuration: InlinePtr #cards 4 size 8 Array Of Cards #cards 16 size 48 Howl #buckets 8 coarsen threshold 3686 Howl Bitmap #cards 512 size 80 coarsen threshold 460 Card regions per heap region 1 cards per card region 4096
 CPUs: 12 total, 12 available
 Memory: 16108M
 Large Page Support: Disabled
 NUMA Support: Disabled
 Compressed Oops: Enabled (Zero based)
 Heap Region Size: 2M
 Heap Min Capacity: 8M
 Heap Initial Capacity: 252M
 Heap Max Capacity: 4028M
 Pre-touch: Disabled
 Parallel Workers: 10
 Concurrent Workers: 3
 Concurrent Refinement Workers: 10
 Periodic GC: Disabled
Heap:
 garbage-first heap   total 61440K, used 45636K [0x0000000704400000, 0x0000000800000000)
  region size 2048K, 7 young (14336K), 1 survivors (2048K)
 Metaspace       used 78494K, committed 79168K, reserved 1179648K
  class space    used 10628K, committed 10944K, reserved 1048576K
GC Heap History (20 events):
Event: 17.585 GC heap before
{Heap before GC invocations=6 (full 0):
 garbage-first heap   total 61440K, used 38216K [0x0000000704400000, 0x0000000800000000)
  region size 2048K, 12 young (24576K), 2 survivors (4096K)
 Metaspace       used 35524K, committed 35968K, reserved 1114112K
  class space    used 4512K, committed 4736K, reserved 1048576K
}
Event: 17.590 GC heap after
{Heap after GC invocations=7 (full 0):
 garbage-first heap   total 61440K, used 21527K [0x0000000704400000, 0x0000000800000000)
  region size 2048K, 1 young (2048K), 1 survivors (2048K)
 Metaspace       used 35524K, committed 35968K, reserved 1114112K
  class space    used 4512K, committed 4736K, reserved 1048576K
}
Event: 19.171 GC heap before
{Heap before GC invocations=8 (full 0):
 garbage-first heap   total 61440K, used 48151K [0x0000000704400000, 0x0000000800000000)
  region size 2048K, 14 young (28672K), 1 survivors (2048K)
 Metaspace       used 39455K, committed 40000K, reserved 1114112K
  class space    used 4974K, committed 5248K, reserved 1048576K
}
Event: 19.176 GC heap after
{Heap after GC invocations=9 (full 0):
 garbage-first heap   total 61440K, used 24853K [0x0000000704400000, 0x0000000800000000)
  region size 2048K, 2 young (4096K), 2 survivors (4096K)
 Metaspace       used 39455K, committed 40000K, reserved 1114112K
  class space    used 4974K, committed 5248K, reserved 1048576K
}
Event: 21.104 GC heap before
{Heap before GC invocations=9 (full 0):
 garbage-first heap   total 61440K, used 45333K [0x0000000704400000, 0x0000000800000000)
  region size 2048K, 13 young (26624K), 2 survivors (4096K)
 Metaspace       used 44812K, committed 45376K, reserved 1114112K
  class space    used 5626K, committed 5888K, reserved 1048576K
}
Event: 21.111 GC heap after
{Heap after GC invocations=10 (full 0):
 garbage-first heap   total 61440K, used 26359K [0x0000000704400000, 0x0000000800000000)
  region size 2048K, 1 young (2048K), 1 survivors (2048K)
 Metaspace       used 44812K, committed 45376K, reserved 1114112K
  class space    used 5626K, committed 5888K, reserved 1048576K
}
Event: 22.420 GC heap before
{Heap before GC invocations=10 (full 0):
 garbage-first heap   total 61440K, used 48887K [0x0000000704400000, 0x0000000800000000)
  region size 2048K, 13 young (26624K), 1 survivors (2048K)
 Metaspace       used 51143K, committed 51712K, reserved 1114112K
  class space    used 6694K, committed 6912K, reserved 1048576K
}
Event: 22.423 GC heap after
{Heap after GC invocations=11 (full 0):
 garbage-first heap   total 61440K, used 27437K [0x0000000704400000, 0x0000000800000000)
  region size 2048K, 2 young (4096K), 2 survivors (4096K)
 Metaspace       used 51143K, committed 51712K, reserved 1114112K
  class space    used 6694K, committed 6912K, reserved 1048576K
}
Event: 23.552 GC heap before
{Heap before GC invocations=11 (full 0):
 garbage-first heap   total 61440K, used 52013K [0x0000000704400000, 0x0000000800000000)
  region size 2048K, 14 young (28672K), 2 survivors (4096K)
 Metaspace       used 59104K, committed 59776K, reserved 1114112K
  class space    used 7751K, committed 8064K, reserved 1048576K
}
Event: 23.557 GC heap after
{Heap after GC invocations=12 (full 0):
 garbage-first heap   total 61440K, used 28555K [0x0000000704400000, 0x0000000800000000)
  region size 2048K, 2 young (4096K), 2 survivors (4096K)
 Metaspace       used 59104K, committed 59776K, reserved 1114112K
  class space    used 7751K, committed 8064K, reserved 1048576K
}
Event: 23.646 GC heap before
{Heap before GC invocations=12 (full 0):
 garbage-first heap   total 61440K, used 28555K [0x0000000704400000, 0x0000000800000000)
  region size 2048K, 3 young (6144K), 2 survivors (4096K)
 Metaspace       used 59540K, committed 60160K, reserved 1114112K
  class space    used 7829K, committed 8128K, reserved 1048576K
}
Event: 23.650 GC heap after
{Heap after GC invocations=13 (full 0):
 garbage-first heap   total 61440K, used 28767K [0x0000000704400000, 0x0000000800000000)
  region size 2048K, 1 young (2048K), 1 survivors (2048K)
 Metaspace       used 59540K, committed 60160K, reserved 1114112K
  class space    used 7829K, committed 8128K, reserved 1048576K
}
Event: 24.808 GC heap before
{Heap before GC invocations=14 (full 0):
 garbage-first heap   total 61440K, used 51295K [0x0000000704400000, 0x0000000800000000)
  region size 2048K, 13 young (26624K), 1 survivors (2048K)
 Metaspace       used 64875K, committed 65536K, reserved 1114112K
  class space    used 8717K, committed 9024K, reserved 1048576K
}
Event: 24.813 GC heap after
{Heap after GC invocations=15 (full 0):
 garbage-first heap   total 61440K, used 30132K [0x0000000704400000, 0x0000000800000000)
  region size 2048K, 2 young (4096K), 2 survivors (4096K)
 Metaspace       used 64875K, committed 65536K, reserved 1114112K
  class space    used 8717K, committed 9024K, reserved 1048576K
}
Event: 26.227 GC heap before
{Heap before GC invocations=15 (full 0):
 garbage-first heap   total 61440K, used 50612K [0x0000000704400000, 0x0000000800000000)
  region size 2048K, 12 young (24576K), 2 survivors (4096K)
 Metaspace       used 69056K, committed 69696K, reserved 1114112K
  class space    used 9324K, committed 9600K, reserved 1048576K
}
Event: 26.233 GC heap after
{Heap after GC invocations=16 (full 0):
 garbage-first heap   total 61440K, used 31271K [0x0000000704400000, 0x0000000800000000)
  region size 2048K, 2 young (4096K), 2 survivors (4096K)
 Metaspace       used 69056K, committed 69696K, reserved 1114112K
  class space    used 9324K, committed 9600K, reserved 1048576K
}
Event: 27.903 GC heap before
{Heap before GC invocations=16 (full 0):
 garbage-first heap   total 61440K, used 51751K [0x0000000704400000, 0x0000000800000000)
  region size 2048K, 12 young (24576K), 2 survivors (4096K)
 Metaspace       used 71940K, committed 72640K, reserved 1114112K
  class space    used 9746K, committed 10048K, reserved 1048576K
}
Event: 27.909 GC heap after
{Heap after GC invocations=17 (full 0):
 garbage-first heap   total 61440K, used 33815K [0x0000000704400000, 0x0000000800000000)
  region size 2048K, 2 young (4096K), 2 survivors (4096K)
 Metaspace       used 71940K, committed 72640K, reserved 1114112K
  class space    used 9746K, committed 10048K, reserved 1048576K
}
Event: 706.942 GC heap before
{Heap before GC invocations=18 (full 0):
 garbage-first heap   total 61440K, used 50199K [0x0000000704400000, 0x0000000800000000)
  region size 2048K, 11 young (22528K), 2 survivors (4096K)
 Metaspace       used 76518K, committed 77248K, reserved 1179648K
  class space    used 10388K, committed 10752K, reserved 1048576K
}
Event: 706.960 GC heap after
{Heap after GC invocations=19 (full 0):
 garbage-first heap   total 61440K, used 35396K [0x0000000704400000, 0x0000000800000000)
  region size 2048K, 1 young (2048K), 1 survivors (2048K)
 Metaspace       used 76518K, committed 77248K, reserved 1179648K
  class space    used 10388K, committed 10752K, reserved 1048576K
}

