# JRE version: OpenJDK Runtime Environment (21.0.2+13) (build 21.0.2+13-58)
# Java VM: OpenJDK 64-Bit Server VM (21.0.2+13-58, mixed mode, sharing, tiered, compressed oops, compressed class ptrs, g1 gc, windows-amd64)
GC Precious Log:
 CardTable entry size: 512
 Card Set container configuration: InlinePtr #cards 4 size 8 Array Of Cards #cards 16 size 48 Howl #buckets 8 coarsen threshold 3686 Howl Bitmap #cards 512 size 80 coarsen threshold 460 Card regions per heap region 1 cards per card region 4096
 CPUs: 12 total, 12 available
 Memory: 16108M
 Large Page Support: Disabled
 NUMA Support: Disabled
 Compressed Oops: Enabled (Zero based)
 Heap Region Size: 2M
 Heap Min Capacity: 8M
 Heap Initial Capacity: 252M
 Heap Max Capacity: 4028M
 Pre-touch: Disabled
 Parallel Workers: 10
 Concurrent Workers: 3
 Concurrent Refinement Workers: 10
 Periodic GC: Disabled
Heap:
 garbage-first heap   total 86016K, used 48509K [0x0000000704400000, 0x0000000800000000)
  region size 2048K, 8 young (16384K), 2 survivors (4096K)
 Metaspace       used 86650K, committed 87488K, reserved 1179648K
  class space    used 11484K, committed 11904K, reserved 1048576K
GC Heap History (20 events):
Event: 8.396 GC heap before
{Heap before GC invocations=9 (full 0):
 garbage-first heap   total 71680K, used 57807K [0x0000000704400000, 0x0000000800000000)
  region size 2048K, 19 young (38912K), 3 survivors (6144K)
 Metaspace       used 51245K, committed 51840K, reserved 1114112K
  class space    used 6761K, committed 7040K, reserved 1048576K
}
Event: 8.401 GC heap after
{Heap after GC invocations=10 (full 0):
 garbage-first heap   total 71680K, used 27031K [0x0000000704400000, 0x0000000800000000)
  region size 2048K, 3 young (6144K), 3 survivors (6144K)
 Metaspace       used 51245K, committed 51840K, reserved 1114112K
  class space    used 6761K, committed 7040K, reserved 1048576K
}
Event: 8.813 GC heap before
{Heap before GC invocations=10 (full 0):
 garbage-first heap   total 71680K, used 55703K [0x0000000704400000, 0x0000000800000000)
  region size 2048K, 18 young (36864K), 3 survivors (6144K)
 Metaspace       used 59657K, committed 60160K, reserved 1114112K
  class space    used 8028K, committed 8256K, reserved 1048576K
}
Event: 8.818 GC heap after
{Heap after GC invocations=11 (full 0):
 garbage-first heap   total 71680K, used 28464K [0x0000000704400000, 0x0000000800000000)
  region size 2048K, 2 young (4096K), 2 survivors (4096K)
 Metaspace       used 59657K, committed 60160K, reserved 1114112K
  class space    used 8028K, committed 8256K, reserved 1048576K
}
Event: 9.214 GC heap before
{Heap before GC invocations=12 (full 0):
 garbage-first heap   total 71680K, used 59184K [0x0000000704400000, 0x0000000800000000)
  region size 2048K, 17 young (34816K), 2 survivors (4096K)
 Metaspace       used 64979K, committed 65600K, reserved 1114112K
  class space    used 8780K, committed 9088K, reserved 1048576K
}
Event: 9.218 GC heap after
{Heap after GC invocations=13 (full 0):
 garbage-first heap   total 86016K, used 30180K [0x0000000704400000, 0x0000000800000000)
  region size 2048K, 3 young (6144K), 3 survivors (6144K)
 Metaspace       used 64979K, committed 65600K, reserved 1114112K
  class space    used 8780K, committed 9088K, reserved 1048576K
}
Event: 9.597 GC heap before
{Heap before GC invocations=13 (full 0):
 garbage-first heap   total 86016K, used 69092K [0x0000000704400000, 0x0000000800000000)
  region size 2048K, 23 young (47104K), 3 survivors (6144K)
 Metaspace       used 69331K, committed 70016K, reserved 1114112K
  class space    used 9650K, committed 9984K, reserved 1048576K
}
Event: 9.602 GC heap after
{Heap after GC invocations=14 (full 0):
 garbage-first heap   total 86016K, used 33665K [0x0000000704400000, 0x0000000800000000)
  region size 2048K, 3 young (6144K), 3 survivors (6144K)
 Metaspace       used 69331K, committed 70016K, reserved 1114112K
  class space    used 9650K, committed 9984K, reserved 1048576K
}
Event: 9.995 GC heap before
{Heap before GC invocations=14 (full 0):
 garbage-first heap   total 86016K, used 72577K [0x0000000704400000, 0x0000000800000000)
  region size 2048K, 22 young (45056K), 3 survivors (6144K)
 Metaspace       used 73096K, committed 73728K, reserved 1114112K
  class space    used 10135K, committed 10432K, reserved 1048576K
}
Event: 9.999 GC heap after
{Heap after GC invocations=15 (full 0):
 garbage-first heap   total 86016K, used 36734K [0x0000000704400000, 0x0000000800000000)
  region size 2048K, 2 young (4096K), 2 survivors (4096K)
 Metaspace       used 73096K, committed 73728K, reserved 1114112K
  class space    used 10135K, committed 10432K, reserved 1048576K
}
Event: 259.001 GC heap before
{Heap before GC invocations=15 (full 0):
 garbage-first heap   total 86016K, used 71550K [0x0000000704400000, 0x0000000800000000)
  region size 2048K, 20 young (40960K), 2 survivors (4096K)
 Metaspace       used 79148K, committed 79936K, reserved 1179648K
  class space    used 10982K, committed 11328K, reserved 1048576K
}
Event: 259.008 GC heap after
{Heap after GC invocations=16 (full 0):
 garbage-first heap   total 86016K, used 39698K [0x0000000704400000, 0x0000000800000000)
  region size 2048K, 3 young (6144K), 3 survivors (6144K)
 Metaspace       used 79148K, committed 79936K, reserved 1179648K
  class space    used 10982K, committed 11328K, reserved 1048576K
}
Event: 1579.255 GC heap before
{Heap before GC invocations=16 (full 0):
 garbage-first heap   total 86016K, used 70418K [0x0000000704400000, 0x0000000800000000)
  region size 2048K, 19 young (38912K), 3 survivors (6144K)
 Metaspace       used 84816K, committed 85632K, reserved 1179648K
  class space    used 11530K, committed 11904K, reserved 1048576K
}
Event: 1579.294 GC heap after
{Heap after GC invocations=17 (full 0):
 garbage-first heap   total 86016K, used 41709K [0x0000000704400000, 0x0000000800000000)
  region size 2048K, 2 young (4096K), 2 survivors (4096K)
 Metaspace       used 84816K, committed 85632K, reserved 1179648K
  class space    used 11530K, committed 11904K, reserved 1048576K
}
Event: 4610.456 GC heap before
{Heap before GC invocations=17 (full 0):
 garbage-first heap   total 86016K, used 70381K [0x0000000704400000, 0x0000000800000000)
  region size 2048K, 17 young (34816K), 2 survivors (4096K)
 Metaspace       used 86660K, committed 87488K, reserved 1179648K
  class space    used 11543K, committed 11904K, reserved 1048576K
}
Event: 4610.508 GC heap after
{Heap after GC invocations=18 (full 0):
 garbage-first heap   total 86016K, used 42597K [0x0000000704400000, 0x0000000800000000)
  region size 2048K, 2 young (4096K), 2 survivors (4096K)
 Metaspace       used 86660K, committed 87488K, reserved 1179648K
  class space    used 11543K, committed 11904K, reserved 1048576K
}
Event: 5835.826 GC heap before
{Heap before GC invocations=19 (full 0):
 garbage-first heap   total 86016K, used 73317K [0x0000000704400000, 0x0000000800000000)
  region size 2048K, 17 young (34816K), 2 survivors (4096K)
 Metaspace       used 86531K, committed 87488K, reserved 1179648K
  class space    used 11465K, committed 11904K, reserved 1048576K
}
Event: 5835.852 GC heap after
{Heap after GC invocations=20 (full 0):
 garbage-first heap   total 86016K, used 42910K [0x0000000704400000, 0x0000000800000000)
  region size 2048K, 2 young (4096K), 2 survivors (4096K)
 Metaspace       used 86531K, committed 87488K, reserved 1179648K
  class space    used 11465K, committed 11904K, reserved 1048576K
}
Event: 6617.640 GC heap before
{Heap before GC invocations=20 (full 0):
 garbage-first heap   total 86016K, used 73630K [0x0000000704400000, 0x0000000800000000)
  region size 2048K, 17 young (34816K), 2 survivors (4096K)
 Metaspace       used 86650K, committed 87488K, reserved 1179648K
  class space    used 11484K, committed 11904K, reserved 1048576K
}
Event: 6617.931 GC heap after
{Heap after GC invocations=21 (full 0):
 garbage-first heap   total 86016K, used 38269K [0x0000000704400000, 0x0000000800000000)
  region size 2048K, 2 young (4096K), 2 survivors (4096K)
 Metaspace       used 86650K, committed 87488K, reserved 1179648K
  class space    used 11484K, committed 11904K, reserved 1048576K
}

