# JRE version: OpenJDK Runtime Environment (21.0.2+13) (build 21.0.2+13-58)
# Java VM: OpenJDK 64-Bit Server VM (21.0.2+13-58, mixed mode, sharing, tiered, compressed oops, compressed class ptrs, g1 gc, windows-amd64)
GC Precious Log:
 CardTable entry size: 512
 Card Set container configuration: InlinePtr #cards 4 size 8 Array Of Cards #cards 16 size 48 Howl #buckets 8 coarsen threshold 3686 Howl Bitmap #cards 512 size 80 coarsen threshold 460 Card regions per heap region 1 cards per card region 4096
 CPUs: 12 total, 12 available
 Memory: 16108M
 Large Page Support: Disabled
 NUMA Support: Disabled
 Compressed Oops: Enabled (Zero based)
 Heap Region Size: 2M
 Heap Min Capacity: 8M
 Heap Initial Capacity: 252M
 Heap Max Capacity: 4028M
 Pre-touch: Disabled
 Parallel Workers: 10
 Concurrent Workers: 3
 Concurrent Refinement Workers: 10
 Periodic GC: Disabled
Heap:
 garbage-first heap   total 71680K, used 43135K [0x0000000704400000, 0x0000000800000000)
  region size 2048K, 7 young (14336K), 2 survivors (4096K)
 Metaspace       used 77410K, committed 78144K, reserved 1179648K
  class space    used 10500K, committed 10816K, reserved 1048576K
GC Heap History (20 events):
Event: 8.737 GC heap before
{Heap before GC invocations=2 (full 0):
 garbage-first heap   total 258048K, used 46659K [0x0000000704400000, 0x0000000800000000)
  region size 2048K, 21 young (43008K), 1 survivors (2048K)
 Metaspace       used 21205K, committed 21504K, reserved 1114112K
  class space    used 2680K, committed 2816K, reserved 1048576K
}
Event: 8.743 GC heap after
{Heap after GC invocations=3 (full 0):
 garbage-first heap   total 258048K, used 13900K [0x0000000704400000, 0x0000000800000000)
  region size 2048K, 3 young (6144K), 3 survivors (6144K)
 Metaspace       used 21205K, committed 21504K, reserved 1114112K
  class space    used 2680K, committed 2816K, reserved 1048576K
}
Event: 10.377 GC heap before
{Heap before GC invocations=4 (full 0):
 garbage-first heap   total 61440K, used 61004K [0x0000000704400000, 0x0000000800000000)
  region size 2048K, 26 young (53248K), 3 survivors (6144K)
 Metaspace       used 28604K, committed 29056K, reserved 1114112K
  class space    used 3680K, committed 3904K, reserved 1048576K
}
Event: 10.388 GC heap after
{Heap after GC invocations=5 (full 0):
 garbage-first heap   total 71680K, used 17996K [0x0000000704400000, 0x0000000800000000)
  region size 2048K, 5 young (10240K), 5 survivors (10240K)
 Metaspace       used 28604K, committed 29056K, reserved 1114112K
  class space    used 3680K, committed 3904K, reserved 1048576K
}
Event: 11.477 GC heap before
{Heap before GC invocations=5 (full 0):
 garbage-first heap   total 71680K, used 50764K [0x0000000704400000, 0x0000000800000000)
  region size 2048K, 21 young (43008K), 5 survivors (10240K)
 Metaspace       used 35328K, committed 35840K, reserved 1114112K
  class space    used 4503K, committed 4736K, reserved 1048576K
}
Event: 11.486 GC heap after
{Heap after GC invocations=6 (full 0):
 garbage-first heap   total 71680K, used 21371K [0x0000000704400000, 0x0000000800000000)
  region size 2048K, 2 young (4096K), 2 survivors (4096K)
 Metaspace       used 35328K, committed 35840K, reserved 1114112K
  class space    used 4503K, committed 4736K, reserved 1048576K
}
Event: 11.493 GC heap before
{Heap before GC invocations=6 (full 0):
 garbage-first heap   total 71680K, used 21371K [0x0000000704400000, 0x0000000800000000)
  region size 2048K, 3 young (6144K), 2 survivors (4096K)
 Metaspace       used 35422K, committed 35968K, reserved 1114112K
  class space    used 4510K, committed 4800K, reserved 1048576K
}
Event: 11.495 GC heap after
{Heap after GC invocations=7 (full 0):
 garbage-first heap   total 71680K, used 20630K [0x0000000704400000, 0x0000000800000000)
  region size 2048K, 2 young (4096K), 2 survivors (4096K)
 Metaspace       used 35422K, committed 35968K, reserved 1114112K
  class space    used 4510K, committed 4800K, reserved 1048576K
}
Event: 12.734 GC heap before
{Heap before GC invocations=8 (full 0):
 garbage-first heap   total 71680K, used 57494K [0x0000000704400000, 0x0000000800000000)
  region size 2048K, 20 young (40960K), 2 survivors (4096K)
 Metaspace       used 43346K, committed 43904K, reserved 1114112K
  class space    used 5501K, committed 5760K, reserved 1048576K
}
Event: 12.741 GC heap after
{Heap after GC invocations=9 (full 0):
 garbage-first heap   total 71680K, used 24757K [0x0000000704400000, 0x0000000800000000)
  region size 2048K, 3 young (6144K), 3 survivors (6144K)
 Metaspace       used 43346K, committed 43904K, reserved 1114112K
  class space    used 5501K, committed 5760K, reserved 1048576K
}
Event: 13.873 GC heap before
{Heap before GC invocations=9 (full 0):
 garbage-first heap   total 71680K, used 55477K [0x0000000704400000, 0x0000000800000000)
  region size 2048K, 19 young (38912K), 3 survivors (6144K)
 Metaspace       used 51917K, committed 52416K, reserved 1114112K
  class space    used 6830K, committed 7040K, reserved 1048576K
}
Event: 13.880 GC heap after
{Heap after GC invocations=10 (full 0):
 garbage-first heap   total 71680K, used 26914K [0x0000000704400000, 0x0000000800000000)
  region size 2048K, 1 young (2048K), 1 survivors (2048K)
 Metaspace       used 51917K, committed 52416K, reserved 1114112K
  class space    used 6830K, committed 7040K, reserved 1048576K
}
Event: 14.583 GC heap before
{Heap before GC invocations=10 (full 0):
 garbage-first heap   total 71680K, used 51490K [0x0000000704400000, 0x0000000800000000)
  region size 2048K, 15 young (30720K), 1 survivors (2048K)
 Metaspace       used 59518K, committed 60096K, reserved 1114112K
  class space    used 8000K, committed 8256K, reserved 1048576K
}
Event: 14.587 GC heap after
{Heap after GC invocations=11 (full 0):
 garbage-first heap   total 71680K, used 27981K [0x0000000704400000, 0x0000000800000000)
  region size 2048K, 2 young (4096K), 2 survivors (4096K)
 Metaspace       used 59518K, committed 60096K, reserved 1114112K
  class space    used 8000K, committed 8256K, reserved 1048576K
}
Event: 15.628 GC heap before
{Heap before GC invocations=12 (full 0):
 garbage-first heap   total 71680K, used 58701K [0x0000000704400000, 0x0000000800000000)
  region size 2048K, 17 young (34816K), 2 survivors (4096K)
 Metaspace       used 66356K, committed 67008K, reserved 1114112K
  class space    used 8984K, committed 9280K, reserved 1048576K
}
Event: 15.635 GC heap after
{Heap after GC invocations=13 (full 0):
 garbage-first heap   total 71680K, used 30494K [0x0000000704400000, 0x0000000800000000)
  region size 2048K, 3 young (6144K), 3 survivors (6144K)
 Metaspace       used 66356K, committed 67008K, reserved 1114112K
  class space    used 8984K, committed 9280K, reserved 1048576K
}
Event: 16.703 GC heap before
{Heap before GC invocations=13 (full 0):
 garbage-first heap   total 71680K, used 57118K [0x0000000704400000, 0x0000000800000000)
  region size 2048K, 16 young (32768K), 3 survivors (6144K)
 Metaspace       used 69763K, committed 70400K, reserved 1114112K
  class space    used 9482K, committed 9792K, reserved 1048576K
}
Event: 16.710 GC heap after
{Heap after GC invocations=14 (full 0):
 garbage-first heap   total 71680K, used 32839K [0x0000000704400000, 0x0000000800000000)
  region size 2048K, 2 young (4096K), 2 survivors (4096K)
 Metaspace       used 69763K, committed 70400K, reserved 1114112K
  class space    used 9482K, committed 9792K, reserved 1048576K
}
Event: 149.228 GC heap before
{Heap before GC invocations=14 (full 0):
 garbage-first heap   total 71680K, used 57415K [0x0000000704400000, 0x0000000800000000)
  region size 2048K, 15 young (30720K), 2 survivors (4096K)
 Metaspace       used 76215K, committed 76864K, reserved 1179648K
  class space    used 10365K, committed 10624K, reserved 1048576K
}
Event: 149.237 GC heap after
{Heap after GC invocations=15 (full 0):
 garbage-first heap   total 71680K, used 34943K [0x0000000704400000, 0x0000000800000000)
  region size 2048K, 2 young (4096K), 2 survivors (4096K)
 Metaspace       used 76215K, committed 76864K, reserved 1179648K
  class space    used 10365K, committed 10624K, reserved 1048576K
}

